<?xml version="1.0" encoding="UTF-8"?>
<!-- Generated by org.testng.reporters.JUnitReportReporter -->
<testsuite hostname="DESKTOP-TL6E7AH" failures="0" tests="7" name="com.Product.ROSA.MergeTest" time="48.267" errors="1" timestamp="2024-02-29T17:05:38 IST" skipped="2">
  <testcase classname="com.Product.ROSA.MergeTest" name="addProductToWishListAndRemoveTest" time="8.839"/>
  <testcase classname="com.Product.ROSA.MergeTest" name="addProductToCartAndRemoveTest" time="3.308"/>
  <testcase classname="com.Product.ROSA.MergeTest" name="addReviewTest" time="2.081">
    <skipped/>
  </testcase> <!-- addReviewTest -->
  <testcase classname="com.Product.ROSA.MergeTest" name="addProductToCartTest" time="15.600"/>
  <testcase classname="com.Product.ROSA.MergeTest" name="trackOrderTest" time="14.143"/>
  <testcase classname="com.Product.ROSA.MergeTest" name="addReviewTest" time="2.380">
    <skipped/>
  </testcase> <!-- addReviewTest -->
  <testcase classname="com.Product.ROSA.MergeTest" name="addReviewTest" time="1.916">
    <error message="Driver must be set" type="java.lang.IllegalArgumentException">
      <![CDATA[java.lang.IllegalArgumentException: Driver must be set
at org.openqa.selenium.internal.Require.nonNull(Require.java:60)
at org.openqa.selenium.interactions.Actions.<init>(Actions.java:59)
at com.RMGOnlineShoppingApp.genericutils.WebDriverUtils.scrollByAmt(WebDriverUtils.java:217)
at com.POMRepository.ProductDetailsPage.scroll(ProductDetailsPage.java:246)
at com.Product.ROSA.MergeTest.addReviewTest(MergeTest.java:200)
at java.base/jdk.internal.reflect.DirectMethodHandleAccessor.invoke(DirectMethodHandleAccessor.java:103)
at java.base/java.lang.reflect.Method.invoke(Method.java:580)
at org.testng.internal.invokers.MethodInvocationHelper.invokeMethod(MethodInvocationHelper.java:139)
at org.testng.internal.invokers.TestInvoker.invokeMethod(TestInvoker.java:664)
at org.testng.internal.invokers.TestInvoker.retryFailed(TestInvoker.java:248)
at org.testng.internal.invokers.MethodRunner.runInSequence(MethodRunner.java:62)
at org.testng.internal.invokers.TestInvoker$MethodInvocationAgent.invoke(TestInvoker.java:957)
at org.testng.internal.invokers.TestInvoker.invokeTestMethods(TestInvoker.java:200)
at org.testng.internal.invokers.TestMethodWorker.invokeTestMethods(TestMethodWorker.java:148)
at org.testng.internal.invokers.TestMethodWorker.run(TestMethodWorker.java:128)
at java.base/java.util.ArrayList.forEach(ArrayList.java:1596)
at org.testng.TestRunner.privateRun(TestRunner.java:848)
at org.testng.TestRunner.run(TestRunner.java:621)
at org.testng.SuiteRunner.runTest(SuiteRunner.java:443)
at org.testng.SuiteRunner.runSequentially(SuiteRunner.java:437)
at org.testng.SuiteRunner.privateRun(SuiteRunner.java:397)
at org.testng.SuiteRunner.run(SuiteRunner.java:336)
at org.testng.SuiteRunnerWorker.runSuite(SuiteRunnerWorker.java:52)
at org.testng.SuiteRunnerWorker.run(SuiteRunnerWorker.java:95)
at org.testng.TestNG.runSuitesSequentially(TestNG.java:1280)
at org.testng.TestNG.runSuitesLocally(TestNG.java:1200)
at org.testng.TestNG.runSuites(TestNG.java:1114)
at org.testng.TestNG.run(TestNG.java:1082)
at org.testng.remote.AbstractRemoteTestNG.run(AbstractRemoteTestNG.java:115)
at org.testng.remote.RemoteTestNG.initAndRun(RemoteTestNG.java:251)
at org.testng.remote.RemoteTestNG.main(RemoteTestNG.java:77)
]]>
    </error>
  </testcase> <!-- addReviewTest -->
</testsuite> <!-- com.Product.ROSA.MergeTest -->
